<?xml version="1.0" encoding="UTF-8"?>
<!-- Generated by org.testng.reporters.JUnitXMLReporter -->
<testsuite hostname="migadde-Lenovo-IdeaPad-Z510" name="Command line test" tests="2" failures="0" timestamp="26 Oct 2020 08:50:33 GMT" time="0.023" errors="0">
  <testcase name="exampleOfTestNgMaven" time="0.01" classname="com.javacodegeeks.testng.maven.testngMaven.TestNgMavenExampleTest"/>
  <testcase name="oneMoreTest" time="0.0" classname="com.javacodegeeks.testng.maven.testngMaven.TestNgMavenSecondClass"/>
</testsuite> <!-- Command line test -->
